<?xml version="1.0" encoding="UTF-8"?>
<!-- Generated by org.testng.reporters.JUnitXMLReporter -->
<testsuite ignored="0" hostname="Deepas-MBP" failures="0" tests="1" name="Smoke Testcases" time="0.023" errors="0" timestamp="13 Apr 2018 15:50:03 GMT">
  <testcase classname="AndroidAPP.browser" name="@BeforeSuite browse" time="0.019">
    <failure type="java.io.IOException" message="Cannot run program &amp;quot;cmd&amp;quot;: error=2, No such file or directory">
      <![CDATA[java.io.IOException: Cannot run program "cmd": error=2, No such file or directory
at java.base/java.lang.ProcessBuilder.start(ProcessBuilder.java:1128)
at java.base/java.lang.ProcessBuilder.start(ProcessBuilder.java:1071)
at java.base/java.lang.Runtime.exec(Runtime.java:635)
at java.base/java.lang.Runtime.exec(Runtime.java:459)
at java.base/java.lang.Runtime.exec(Runtime.java:356)
at AndroidAPP.browser.browse(browser.java:14)
Caused by: java.io.IOException: error=2, No such file or directory
at java.base/java.lang.ProcessImpl.forkAndExec(Native Method)
at java.base/java.lang.ProcessImpl.<init>(ProcessImpl.java:339)
at java.base/java.lang.ProcessImpl.start(ProcessImpl.java:270)
at java.base/java.lang.ProcessBuilder.start(ProcessBuilder.java:1107)
... 25 more
... Removed 20 stack frames]]>
    </failure>
  </testcase> <!-- @BeforeSuite browse -->
  <testcase classname="AndroidAPP.AppTest" name="test" time="0.0">
    <skipped/>
  </testcase> <!-- test -->
</testsuite> <!-- Smoke Testcases -->
